<?xml version="1.0" encoding="UTF-8"?>
<!-- Generated by org.testng.reporters.JUnitXMLReporter -->
<testsuite hostname="IN-5CG9517P70" ignored="0" name="Test" tests="10" failures="0" timestamp="2022-05-13T09:53:19 IST" time="84.777" errors="0">
  <testcase name="a" time="46.388" classname="StepDefLoginPage.Sample5"/>
  <testcase name="a" time="51.804" classname="StepDefLoginPage.Sample8"/>
  <testcase name="a" time="51.82" classname="StepDefLoginPage.Sample1"/>
  <testcase name="a" time="55.378" classname="StepDefLoginPage.Sample4"/>
  <testcase name="a" time="58.56" classname="StepDefLoginPage.Sample3"/>
  <testcase name="a" time="58.697" classname="StepDefLoginPage.Sample10"/>
  <testcase name="a" time="60.59" classname="StepDefLoginPage.Sample6"/>
  <testcase name="a" time="66.55" classname="StepDefLoginPage.Sample9"/>
  <testcase name="a" time="77.463" classname="StepDefLoginPage.Sample7"/>
  <testcase name="a" time="84.746" classname="StepDefLoginPage.Sample2"/>
</testsuite> <!-- Test -->
